<?xml version="1.0" encoding="UTF-8"?>
<testsuite xmlns:xsi="http://www.w3.org/2001/XMLSchema-instance" xsi:noNamespaceSchemaLocation="https://maven.apache.org/surefire/maven-surefire-plugin/xsd/surefire-test-report-3.0.xsd" version="3.0" name="org.example.phase3.SpecialGraphCases.CycleGraphColouringTest" time="0.036" tests="4" errors="0" skipped="0" failures="0">
  <properties>
    <property name="java.specification.version" value="22"/>
    <property name="sun.jnu.encoding" value="UTF-8"/>
    <property name="java.class.path" value="/Users/balintfollinus/Documents/GitHub/phase-3/target/test-classes:/Users/balintfollinus/.m2/repository/org/openjfx/javafx-base/22.0.1/javafx-base-22.0.1.jar:/Users/balintfollinus/.m2/repository/org/openjfx/javafx-controls/22.0.1/javafx-controls-22.0.1.jar:/Users/balintfollinus/.m2/repository/org/openjfx/javafx-fxml/22.0.1/javafx-fxml-22.0.1.jar:/Users/balintfollinus/.m2/repository/org/openjfx/javafx-graphics/22.0.1/javafx-graphics-22.0.1.jar:/Users/balintfollinus/.m2/repository/org/junit/jupiter/junit-jupiter-api/5.10.2/junit-jupiter-api-5.10.2.jar:/Users/balintfollinus/.m2/repository/org/opentest4j/opentest4j/1.3.0/opentest4j-1.3.0.jar:/Users/balintfollinus/.m2/repository/org/junit/platform/junit-platform-commons/1.10.2/junit-platform-commons-1.10.2.jar:/Users/balintfollinus/.m2/repository/org/apiguardian/apiguardian-api/1.1.2/apiguardian-api-1.1.2.jar:/Users/balintfollinus/.m2/repository/org/junit/jupiter/junit-jupiter-engine/5.10.2/junit-jupiter-engine-5.10.2.jar:/Users/balintfollinus/.m2/repository/org/junit/platform/junit-platform-engine/1.10.2/junit-platform-engine-1.10.2.jar:"/>
    <property name="java.vm.vendor" value="Oracle Corporation"/>
    <property name="sun.arch.data.model" value="64"/>
    <property name="java.vendor.url" value="https://java.oracle.com/"/>
    <property name="os.name" value="Mac OS X"/>
    <property name="java.vm.specification.version" value="22"/>
    <property name="sun.java.launcher" value="SUN_STANDARD"/>
    <property name="user.country" value="AE"/>
    <property name="sun.boot.library.path" value="/Library/Java/JavaVirtualMachines/jdk-22.jdk/Contents/Home/lib"/>
    <property name="sun.java.command" value="org.apache.maven.surefire.booter.ForkedBooter /Users/balintfollinus/Documents/GitHub/phase-3/target/surefire 2025-01-15T15-42-46_986-jvmRun1 surefire-20250115154247499_1tmp surefire_0-20250115154247499_2tmp"/>
    <property name="http.nonProxyHosts" value="local|*.local|169.254/16|*.169.254/16"/>
    <property name="jdk.debug" value="release"/>
    <property name="surefire.test.class.path" value="/Users/balintfollinus/Documents/GitHub/phase-3/target/test-classes:/Users/balintfollinus/.m2/repository/org/openjfx/javafx-base/22.0.1/javafx-base-22.0.1.jar:/Users/balintfollinus/.m2/repository/org/openjfx/javafx-controls/22.0.1/javafx-controls-22.0.1.jar:/Users/balintfollinus/.m2/repository/org/openjfx/javafx-fxml/22.0.1/javafx-fxml-22.0.1.jar:/Users/balintfollinus/.m2/repository/org/openjfx/javafx-graphics/22.0.1/javafx-graphics-22.0.1.jar:/Users/balintfollinus/.m2/repository/org/junit/jupiter/junit-jupiter-api/5.10.2/junit-jupiter-api-5.10.2.jar:/Users/balintfollinus/.m2/repository/org/opentest4j/opentest4j/1.3.0/opentest4j-1.3.0.jar:/Users/balintfollinus/.m2/repository/org/junit/platform/junit-platform-commons/1.10.2/junit-platform-commons-1.10.2.jar:/Users/balintfollinus/.m2/repository/org/apiguardian/apiguardian-api/1.1.2/apiguardian-api-1.1.2.jar:/Users/balintfollinus/.m2/repository/org/junit/jupiter/junit-jupiter-engine/5.10.2/junit-jupiter-engine-5.10.2.jar:/Users/balintfollinus/.m2/repository/org/junit/platform/junit-platform-engine/1.10.2/junit-platform-engine-1.10.2.jar:"/>
    <property name="sun.cpu.endian" value="little"/>
    <property name="user.home" value="/Users/balintfollinus"/>
    <property name="user.language" value="en"/>
    <property name="java.specification.vendor" value="Oracle Corporation"/>
    <property name="jdk.module.path" value="/Users/balintfollinus/Documents/GitHub/phase-3/target/classes:/Users/balintfollinus/.m2/repository/org/openjfx/javafx-base/22.0.1/javafx-base-22.0.1-mac-aarch64.jar:/Users/balintfollinus/.m2/repository/org/openjfx/javafx-controls/22.0.1/javafx-controls-22.0.1-mac-aarch64.jar:/Users/balintfollinus/.m2/repository/org/openjfx/javafx-fxml/22.0.1/javafx-fxml-22.0.1-mac-aarch64.jar:/Users/balintfollinus/.m2/repository/org/openjfx/javafx-graphics/22.0.1/javafx-graphics-22.0.1-mac-aarch64.jar"/>
    <property name="java.version.date" value="2024-04-16"/>
    <property name="java.home" value="/Library/Java/JavaVirtualMachines/jdk-22.jdk/Contents/Home"/>
    <property name="file.separator" value="/"/>
    <property name="basedir" value="/Users/balintfollinus/Documents/GitHub/phase-3"/>
    <property name="java.vm.compressedOopsMode" value="Zero based"/>
    <property name="line.separator" value="&#10;"/>
    <property name="java.vm.specification.vendor" value="Oracle Corporation"/>
    <property name="java.specification.name" value="Java Platform API Specification"/>
    <property name="apple.awt.application.name" value="ForkedBooter"/>
    <property name="surefire.real.class.path" value="/Users/balintfollinus/.m2/repository/org/apache/maven/surefire/surefire-booter/3.2.5/surefire-booter-3.2.5.jar:/Users/balintfollinus/.m2/repository/org/apache/maven/surefire/surefire-api/3.2.5/surefire-api-3.2.5.jar:/Users/balintfollinus/.m2/repository/org/apache/maven/surefire/surefire-logger-api/3.2.5/surefire-logger-api-3.2.5.jar:/Users/balintfollinus/.m2/repository/org/apache/maven/surefire/surefire-shared-utils/3.2.5/surefire-shared-utils-3.2.5.jar:/Users/balintfollinus/.m2/repository/org/apache/maven/surefire/surefire-extensions-spi/3.2.5/surefire-extensions-spi-3.2.5.jar:/Users/balintfollinus/Documents/GitHub/phase-3/target/test-classes:/Users/balintfollinus/.m2/repository/org/openjfx/javafx-base/22.0.1/javafx-base-22.0.1.jar:/Users/balintfollinus/.m2/repository/org/openjfx/javafx-controls/22.0.1/javafx-controls-22.0.1.jar:/Users/balintfollinus/.m2/repository/org/openjfx/javafx-fxml/22.0.1/javafx-fxml-22.0.1.jar:/Users/balintfollinus/.m2/repository/org/openjfx/javafx-graphics/22.0.1/javafx-graphics-22.0.1.jar:/Users/balintfollinus/.m2/repository/org/junit/jupiter/junit-jupiter-api/5.10.2/junit-jupiter-api-5.10.2.jar:/Users/balintfollinus/.m2/repository/org/opentest4j/opentest4j/1.3.0/opentest4j-1.3.0.jar:/Users/balintfollinus/.m2/repository/org/junit/platform/junit-platform-commons/1.10.2/junit-platform-commons-1.10.2.jar:/Users/balintfollinus/.m2/repository/org/apiguardian/apiguardian-api/1.1.2/apiguardian-api-1.1.2.jar:/Users/balintfollinus/.m2/repository/org/junit/jupiter/junit-jupiter-engine/5.10.2/junit-jupiter-engine-5.10.2.jar:/Users/balintfollinus/.m2/repository/org/junit/platform/junit-platform-engine/1.10.2/junit-platform-engine-1.10.2.jar:/Users/balintfollinus/.m2/repository/org/apache/maven/surefire/surefire-junit-platform/3.2.5/surefire-junit-platform-3.2.5.jar:/Users/balintfollinus/.m2/repository/org/apache/maven/surefire/common-java5/3.2.5/common-java5-3.2.5.jar:/Users/balintfollinus/.m2/repository/org/junit/platform/junit-platform-launcher/1.10.2/junit-platform-launcher-1.10.2.jar"/>
    <property name="sun.management.compiler" value="HotSpot 64-Bit Tiered Compilers"/>
    <property name="ftp.nonProxyHosts" value="local|*.local|169.254/16|*.169.254/16"/>
    <property name="java.runtime.version" value="22.0.1+8-16"/>
    <property name="user.name" value="balintfollinus"/>
    <property name="stdout.encoding" value="UTF-8"/>
    <property name="path.separator" value=":"/>
    <property name="os.version" value="15.1"/>
    <property name="java.runtime.name" value="Java(TM) SE Runtime Environment"/>
    <property name="file.encoding" value="UTF-8"/>
    <property name="java.vm.name" value="Java HotSpot(TM) 64-Bit Server VM"/>
    <property name="localRepository" value="/Users/balintfollinus/.m2/repository"/>
    <property name="java.vendor.url.bug" value="https://bugreport.java.com/bugreport/"/>
    <property name="java.io.tmpdir" value="/var/folders/_6/0b_j9g213fjg4l8975d9t6jw0000gn/T/"/>
    <property name="java.version" value="22.0.1"/>
    <property name="user.dir" value="/Users/balintfollinus/Documents/GitHub/phase-3"/>
    <property name="os.arch" value="aarch64"/>
    <property name="java.vm.specification.name" value="Java Virtual Machine Specification"/>
    <property name="native.encoding" value="UTF-8"/>
    <property name="java.library.path" value="/Users/balintfollinus/Library/Java/Extensions:/Library/Java/Extensions:/Network/Library/Java/Extensions:/System/Library/Java/Extensions:/usr/lib/java:."/>
    <property name="java.vm.info" value="mixed mode"/>
    <property name="stderr.encoding" value="UTF-8"/>
    <property name="java.vendor" value="Oracle Corporation"/>
    <property name="java.vm.version" value="22.0.1+8-16"/>
    <property name="sun.io.unicode.encoding" value="UnicodeBig"/>
    <property name="socksNonProxyHosts" value="local|*.local|169.254/16|*.169.254/16"/>
    <property name="java.class.version" value="66.0"/>
  </properties>
  <testcase name="testOddCycle" classname="org.example.phase3.SpecialGraphCases.CycleGraphColouringTest" time="0.021"/>
  <testcase name="testInvalidDegree" classname="org.example.phase3.SpecialGraphCases.CycleGraphColouringTest" time="0.001"/>
  <testcase name="testEvenCycle" classname="org.example.phase3.SpecialGraphCases.CycleGraphColouringTest" time="0.0"/>
  <testcase name="testInvalidCycle" classname="org.example.phase3.SpecialGraphCases.CycleGraphColouringTest" time="0.0"/>
</testsuite>